<?xml version="1.0" encoding="UTF-8"?>
<testsuite name="MoneyTest" tests="2" skipped="0" failures="0" errors="0" timestamp="2015-11-18T14:33:38" hostname="ganghyeonguui-MacBook-Pro.local" time="0.002">
  <properties/>
  <testcase name="testMultiplication" classname="MoneyTest" time="0.002"/>
  <testcase name="testEquality" classname="MoneyTest" time="0.0"/>
  <system-out><![CDATA[]]></system-out>
  <system-err><![CDATA[]]></system-err>
</testsuite>
