<?xml version="1.0" encoding="UTF-8"?>
<testsuite name="MoneyTest" tests="12" skipped="0" failures="0" errors="0" timestamp="2015-12-06T13:48:52" hostname="ganghyeonguui-MacBook-Pro.local" time="0.013">
  <properties/>
  <testcase name="testReduceSum" classname="MoneyTest" time="0.007"/>
  <testcase name="testSimpleAddition" classname="MoneyTest" time="0.0"/>
  <testcase name="testSumTimes" classname="MoneyTest" time="0.001"/>
  <testcase name="testMultiplication" classname="MoneyTest" time="0.0"/>
  <testcase name="testSumPlusMoney" classname="MoneyTest" time="0.0"/>
  <testcase name="testMixedAddition" classname="MoneyTest" time="0.0"/>
  <testcase name="testReduceMoney" classname="MoneyTest" time="0.0"/>
  <testcase name="testIdentityRate" classname="MoneyTest" time="0.0"/>
  <testcase name="testCurrency" classname="MoneyTest" time="0.001"/>
  <testcase name="testEquality" classname="MoneyTest" time="0.0"/>
  <testcase name="testPlusReturnsSum" classname="MoneyTest" time="0.0"/>
  <testcase name="testReduceMoneyDifferentCurrency" classname="MoneyTest" time="0.001"/>
  <system-out><![CDATA[]]></system-out>
  <system-err><![CDATA[]]></system-err>
</testsuite>
