<?xml version="1.0" encoding="UTF-8"?>
<testsuite name="MoneyTest" tests="4" skipped="0" failures="0" errors="0" timestamp="2015-12-02T13:31:03" hostname="ganghyeonguui-MacBook-Pro.local" time="0.006">
  <properties/>
  <testcase name="testSimpleAddition" classname="MoneyTest" time="0.005"/>
  <testcase name="testMultiplication" classname="MoneyTest" time="0.0"/>
  <testcase name="testCurrency" classname="MoneyTest" time="0.0"/>
  <testcase name="testEquality" classname="MoneyTest" time="0.0"/>
  <system-out><![CDATA[]]></system-out>
  <system-err><![CDATA[]]></system-err>
</testsuite>
