<?xml version="1.0" encoding="UTF-8"?>
<testsuite name="MoneyTest" tests="4" skipped="0" failures="0" errors="0" timestamp="2015-11-25T23:55:46" hostname="ganghyeonguui-MacBook-Pro.local" time="0.016">
  <properties/>
  <testcase name="testMultiplication" classname="MoneyTest" time="0.006"/>
  <testcase name="testFrancMultiplication" classname="MoneyTest" time="0.002"/>
  <testcase name="testCurrency" classname="MoneyTest" time="0.0"/>
  <testcase name="testEquality" classname="MoneyTest" time="0.001"/>
  <system-out><![CDATA[]]></system-out>
  <system-err><![CDATA[]]></system-err>
</testsuite>
