<?xml version="1.0" encoding="UTF-8"?>
<testsuite name="MoneyTest" tests="3" skipped="0" failures="0" errors="0" timestamp="2015-11-25T10:51:22" hostname="ganghyeonguui-MacBook-Pro.local" time="0.005">
  <properties/>
  <testcase name="testMultiplication" classname="MoneyTest" time="0.005"/>
  <testcase name="testFrancMultiplication" classname="MoneyTest" time="0.0"/>
  <testcase name="testEquality" classname="MoneyTest" time="0.0"/>
  <system-out><![CDATA[]]></system-out>
  <system-err><![CDATA[]]></system-err>
</testsuite>
