<?xml version="1.0" encoding="UTF-8"?>
<testsuite name="MoneyTest" tests="9" skipped="0" failures="0" errors="0" timestamp="2015-12-03T23:59:01" hostname="ganghyeonguui-MacBook-Pro.local" time="0.005">
  <properties/>
  <testcase name="testReduceSum" classname="MoneyTest" time="0.003"/>
  <testcase name="testSimpleAddition" classname="MoneyTest" time="0.0"/>
  <testcase name="testMultiplication" classname="MoneyTest" time="0.001"/>
  <testcase name="testReduceMoney" classname="MoneyTest" time="0.0"/>
  <testcase name="testIdentityRate" classname="MoneyTest" time="0.0"/>
  <testcase name="testCurrency" classname="MoneyTest" time="0.0"/>
  <testcase name="testEquality" classname="MoneyTest" time="0.0"/>
  <testcase name="testPlusReturnsSum" classname="MoneyTest" time="0.0"/>
  <testcase name="testReduceMoneyDifferentCurrency" classname="MoneyTest" time="0.001"/>
  <system-out><![CDATA[]]></system-out>
  <system-err><![CDATA[]]></system-err>
</testsuite>
